c:\users\gamesense\desktop\menu recode\menu_itmm\x64\debug\vc142.pdb
c:\users\gamesense\desktop\menu recode\menu_itmm\x64\debug\vc142.idb
c:\users\gamesense\desktop\menu recode\menu_itmm\x64\debug\menu_itmm.obj
c:\users\gamesense\desktop\menu recode\menu_itmm\x64\debug\algoritms.obj
c:\users\gamesense\desktop\menu recode\menu_itmm\x64\debug\menu.obj
c:\users\gamesense\desktop\menu recode\menu_itmm\x64\debug\functions.obj
c:\users\gamesense\desktop\menu recode\menu_itmm\x64\debug\items.obj
c:\users\gamesense\desktop\menu recode\menu_itmm\x64\debug\virtkey.obj
c:\users\gamesense\desktop\menu recode\menu_itmm\x64\debug\menu_itmm.exe
c:\users\gamesense\desktop\menu recode\menu_itmm\x64\debug\menu_itmm.ilk
c:\users\gamesense\desktop\menu recode\menu_itmm\x64\debug\menu_itmm.pdb
c:\users\gamesense\desktop\menu recode\menu_itmm\x64\debug\menu.obj.enc
c:\users\gamesense\desktop\menu recode\menu_itmm\x64\debug\menu_itmm.tlog\cl.command.1.tlog
c:\users\gamesense\desktop\menu recode\menu_itmm\x64\debug\menu_itmm.tlog\cl.read.1.tlog
c:\users\gamesense\desktop\menu recode\menu_itmm\x64\debug\menu_itmm.tlog\cl.write.1.tlog
c:\users\gamesense\desktop\menu recode\menu_itmm\x64\debug\menu_itmm.tlog\link-cvtres.read.1.tlog
c:\users\gamesense\desktop\menu recode\menu_itmm\x64\debug\menu_itmm.tlog\link-cvtres.write.1.tlog
c:\users\gamesense\desktop\menu recode\menu_itmm\x64\debug\menu_itmm.tlog\link-rc.read.1.tlog
c:\users\gamesense\desktop\menu recode\menu_itmm\x64\debug\menu_itmm.tlog\link-rc.write.1.tlog
c:\users\gamesense\desktop\menu recode\menu_itmm\x64\debug\menu_itmm.tlog\link.23108-cvtres.read.1.tlog
c:\users\gamesense\desktop\menu recode\menu_itmm\x64\debug\menu_itmm.tlog\link.23108-cvtres.write.1.tlog
c:\users\gamesense\desktop\menu recode\menu_itmm\x64\debug\menu_itmm.tlog\link.23108-rc.read.1.tlog
c:\users\gamesense\desktop\menu recode\menu_itmm\x64\debug\menu_itmm.tlog\link.23108-rc.write.1.tlog
c:\users\gamesense\desktop\menu recode\menu_itmm\x64\debug\menu_itmm.tlog\link.23108.read.1.tlog
c:\users\gamesense\desktop\menu recode\menu_itmm\x64\debug\menu_itmm.tlog\link.23108.write.1.tlog
c:\users\gamesense\desktop\menu recode\menu_itmm\x64\debug\menu_itmm.tlog\link.command.1.tlog
c:\users\gamesense\desktop\menu recode\menu_itmm\x64\debug\menu_itmm.tlog\link.read.1.tlog
c:\users\gamesense\desktop\menu recode\menu_itmm\x64\debug\menu_itmm.tlog\link.write.1.tlog
